<?xml version="1.0" encoding="UTF-8"?>
<!-- Generated by org.testng.reporters.JUnitReportReporter -->
<testsuite hostname="DESKTOP-B85L28E" failures="0" tests="4" name="automation.testNG.day2" time="0.011" errors="0" timestamp="2023-11-07T12:02:26 IST" skipped="0">
  <testcase classname="automation.testNG.day2" name="thirdTest" time="0.003"/>
  <system-out/>
  <testcase classname="automation.testNG.day2" name="fourthTest" time="0.003"/>
  <system-out/>
  <testcase classname="automation.testNG.day2" name="fourthTest" time="0.002"/>
  <system-out/>
  <testcase classname="automation.testNG.day2" name="thirdTest" time="0.003"/>
  <system-out/>
</testsuite> <!-- automation.testNG.day2 -->
