<?xml version="1.0" encoding="UTF-8"?>
<!-- Generated by org.testng.reporters.JUnitReportReporter -->
<testsuite hostname="DESKTOP-B85L28E" failures="0" tests="4" name="automation.testNG.testNGDemo" time="0.027" errors="0" timestamp="2023-11-07T12:02:26 IST" skipped="0">
  <testcase classname="automation.testNG.testNGDemo" name="secondTest" time="0.005"/>
  <system-out/>
  <testcase classname="automation.testNG.testNGDemo" name="secondTest" time="0.005"/>
  <system-out/>
  <testcase classname="automation.testNG.testNGDemo" name="firstTest" time="0.005"/>
  <system-out/>
  <testcase classname="automation.testNG.testNGDemo" name="firstTest" time="0.012"/>
  <system-out/>
</testsuite> <!-- automation.testNG.testNGDemo -->
